[10:50:01.516] Global cache location '/Users/zakudriver/Library/Caches/typescript/4.7', safe file path '/opt/homebrew/lib/node_modules/typescript/lib/typingsafelist.json', types map path /opt/homebrew/lib/node_modules/typescript/lib/typesmap.json
[10:50:01.517] Processing cache location '/Users/zakudriver/Library/Caches/typescript/4.7'
[10:50:01.518] Trying to find '/Users/zakudriver/Library/Caches/typescript/4.7/package.json'...
[10:50:01.521] Loaded content of '/Users/zakudriver/Library/Caches/typescript/4.7/package.json': {"private":true,"dependencies":{"types-registry":"^0.1.604"},"devDependencies":{"@types/assert":"^1.5.6","@types/babel__code-frame":"^7.0.3","@types/babel__core":"^7.1.19","@types/babel__helper-plugin-utils":"^7.10.0","@types/babel__plugin-transform-runtime":"^7.9.2","@types/babel__preset-env":"^7.9.2","@types/babel__register":"^7.17.0","@types/babel-plugin-macros":"^2.8.5","@types/benchmark":"^2.1.1","@types/bn.js":"^5.1.0","@types/body-parser":"^1.19.2","@types/browser-sync":"^2.26.3","@types/case-sensitive-paths-webpack-plugin":"^2.1.6","@types/chai":"^4.3.1","@types/config":"^0.0.41","@types/convert-source-map":"^1.5.2","@types/cookie":"^0.5.1","@types/core-js":"^2.5.5","@types/cross-spawn":"^6.0.2","@types/d3-axis":"^3.0.1","@types/d3-path":"^3.0.0","@types/d3-scale":"^4.0.2","@types/d3-selection":"^3.0.2","@types/d3-shape":"^3.1.0","@types/debug":"^4.1.7","@types/domhandler":"^2.4.2","@types/echarts":"^4.9.15","@types/envinfo":"^7.8.1","@types/eslint":"^8.4.5","@types/eslint-config-prettier":"^6.11.0","@types/eslint-plugin-prettier":"^3.1.0","@types/express":"^4.17.13","@types/extend":"^3.0.1","@types/file-loader":"^5.0.1","@types/file-saver":"^2.0.5","@types/find-root":"^1.1.2","@types/fs-extra":"^9.0.13","@types/gensync":"^1.0.0","@types/gh-pages":"^3.2.1","@types/glob":"^7.2.0","@types/happypack":"^5.0.2","@types/html-minifier-terser":"^6.1.0","@types/html-webpack-plugin":"^3.2.6","@types/htmlparser2":"^3.10.3","@types/inquirer":"^8.2.1","@types/isexe":"^2.0.1","@types/jest":"^28.1.6","@types/jmuxer":"^2.0.2","@types/js-cookie":"^3.0.2","@types/js-yaml":"^4.0.5","@types/less":"^3.0.3","@types/lodash":"^4.14.182","@types/lodash-es":"^4.17.6","@types/lodash.debounce":"^4.0.7","@types/lodash.throttle":"^4.1.7","@types/merge-descriptors":"^1.0.1","@types/mocha":"^9.1.1","@types/mockjs":"^1.0.6","@types/node":"^18.0.4","@types/npm":"^7.19.0","@types/optimize-css-assets-webpack-plugin":"^5.0.5","@types/path-browserify":"^1.0.0","@types/pathjs":"^0.8.36","@types/platform":"^1.3.4","@types/prettier":"^2.7.0","@types/pretty-quick":"^3.1.1","@types/prismjs":"^1.26.0","@types/progress-bar-webpack-plugin":"^2.1.2","@types/prompts":"^2.0.14","@types/prop-types":"^15.7.5","@types/qrcode.react":"^1.0.2","@types/qs":"^6.9.7","@types/quill":"^2.0.9","@types/react":"^18.0.15","@types/react-color":"^3.0.6","@types/react-dom":"^18.0.6","@types/react-router":"^5.1.18","@types/react-router-dom":"^5.3.3","@types/redux-logger":"^3.0.9","@types/request":"^2.48.8","@types/require-directory":"^2.1.2","@types/requirejs":"^2.1.34","@types/rimraf":"^3.0.2","@types/sass-loader":"^8.0.3","@types/semver":"^7.3.11","@types/serve-static":"^1.13.10","@types/shapefile":"^0.6.1","@types/stylis":"^4.0.2","@types/tapable":"^2.2.2","@types/tmp":"^0.2.3","@types/trusted-types":"^2.0.2","@types/uuid":"^8.3.4","@types/validate-npm-package-name":"^4.0.0","@types/validator":"^13.7.4","@types/video.js":"^7.3.42","@types/webpack":"^5.28.0","@types/websocket":"^1.0.5","@types/which":"^2.0.1","@types/workbox-build":"^5.0.1","@types/yargs":"^17.0.10"}}
[10:50:01.521] Loaded content of '/Users/zakudriver/Library/Caches/typescript/4.7/package-lock.json'
[10:50:01.529] Adding entry into typings cache: 'assert' => '/Users/zakudriver/Library/Caches/typescript/4.7/node_modules/@types/assert/index.d.ts'
[10:50:01.532] Adding entry into typings cache: 'babel__code-frame' => '/Users/zakudriver/Library/Caches/typescript/4.7/node_modules/@types/babel__code-frame/index.d.ts'
[10:50:01.534] Adding entry into typings cache: 'babel__core' => '/Users/zakudriver/Library/Caches/typescript/4.7/node_modules/@types/babel__core/index.d.ts'
[10:50:01.535] Adding entry into typings cache: 'babel__helper-plugin-utils' => '/Users/zakudriver/Library/Caches/typescript/4.7/node_modules/@types/babel__helper-plugin-utils/index.d.ts'
[10:50:01.536] Adding entry into typings cache: 'babel__plugin-transform-runtime' => '/Users/zakudriver/Library/Caches/typescript/4.7/node_modules/@types/babel__plugin-transform-runtime/index.d.ts'
[10:50:01.537] Adding entry into typings cache: 'babel__preset-env' => '/Users/zakudriver/Library/Caches/typescript/4.7/node_modules/@types/babel__preset-env/index.d.ts'
[10:50:01.539] Adding entry into typings cache: 'babel__register' => '/Users/zakudriver/Library/Caches/typescript/4.7/node_modules/@types/babel__register/index.d.ts'
[10:50:01.540] Adding entry into typings cache: 'babel-plugin-macros' => '/Users/zakudriver/Library/Caches/typescript/4.7/node_modules/@types/babel-plugin-macros/index.d.ts'
[10:50:01.541] Adding entry into typings cache: 'benchmark' => '/Users/zakudriver/Library/Caches/typescript/4.7/node_modules/@types/benchmark/index.d.ts'
[10:50:01.542] Adding entry into typings cache: 'bn.js' => '/Users/zakudriver/Library/Caches/typescript/4.7/node_modules/@types/bn.js/index.d.ts'
[10:50:01.543] Adding entry into typings cache: 'body-parser' => '/Users/zakudriver/Library/Caches/typescript/4.7/node_modules/@types/body-parser/index.d.ts'
[10:50:01.544] Adding entry into typings cache: 'browser-sync' => '/Users/zakudriver/Library/Caches/typescript/4.7/node_modules/@types/browser-sync/index.d.ts'
[10:50:01.546] Adding entry into typings cache: 'case-sensitive-paths-webpack-plugin' => '/Users/zakudriver/Library/Caches/typescript/4.7/node_modules/@types/case-sensitive-paths-webpack-plugin/index.d.ts'
[10:50:01.547] Adding entry into typings cache: 'chai' => '/Users/zakudriver/Library/Caches/typescript/4.7/node_modules/@types/chai/index.d.ts'
[10:50:01.548] Adding entry into typings cache: 'config' => '/Users/zakudriver/Library/Caches/typescript/4.7/node_modules/@types/config/index.d.ts'
[10:50:01.549] Adding entry into typings cache: 'convert-source-map' => '/Users/zakudriver/Library/Caches/typescript/4.7/node_modules/@types/convert-source-map/index.d.ts'
[10:50:01.550] Adding entry into typings cache: 'cookie' => '/Users/zakudriver/Library/Caches/typescript/4.7/node_modules/@types/cookie/index.d.ts'
[10:50:01.551] Adding entry into typings cache: 'core-js' => '/Users/zakudriver/Library/Caches/typescript/4.7/node_modules/@types/core-js/index.d.ts'
[10:50:01.552] Adding entry into typings cache: 'cross-spawn' => '/Users/zakudriver/Library/Caches/typescript/4.7/node_modules/@types/cross-spawn/index.d.ts'
[10:50:01.553] Adding entry into typings cache: 'd3-axis' => '/Users/zakudriver/Library/Caches/typescript/4.7/node_modules/@types/d3-axis/index.d.ts'
[10:50:01.554] Adding entry into typings cache: 'd3-path' => '/Users/zakudriver/Library/Caches/typescript/4.7/node_modules/@types/d3-path/index.d.ts'
[10:50:01.555] Adding entry into typings cache: 'd3-scale' => '/Users/zakudriver/Library/Caches/typescript/4.7/node_modules/@types/d3-scale/index.d.ts'
[10:50:01.555] Adding entry into typings cache: 'd3-selection' => '/Users/zakudriver/Library/Caches/typescript/4.7/node_modules/@types/d3-selection/index.d.ts'
[10:50:01.556] Adding entry into typings cache: 'd3-shape' => '/Users/zakudriver/Library/Caches/typescript/4.7/node_modules/@types/d3-shape/index.d.ts'
[10:50:01.557] Adding entry into typings cache: 'debug' => '/Users/zakudriver/Library/Caches/typescript/4.7/node_modules/@types/debug/index.d.ts'
[10:50:01.559] Adding entry into typings cache: 'domhandler' => '/Users/zakudriver/Library/Caches/typescript/4.7/node_modules/@types/domhandler/index.d.ts'
[10:50:01.560] Adding entry into typings cache: 'echarts' => '/Users/zakudriver/Library/Caches/typescript/4.7/node_modules/@types/echarts/index.d.ts'
[10:50:01.561] Adding entry into typings cache: 'envinfo' => '/Users/zakudriver/Library/Caches/typescript/4.7/node_modules/@types/envinfo/index.d.ts'
[10:50:01.562] Adding entry into typings cache: 'eslint' => '/Users/zakudriver/Library/Caches/typescript/4.7/node_modules/@types/eslint/index.d.ts'
[10:50:01.562] Adding entry into typings cache: 'eslint-config-prettier' => '/Users/zakudriver/Library/Caches/typescript/4.7/node_modules/@types/eslint-config-prettier/index.d.ts'
[10:50:01.563] Adding entry into typings cache: 'eslint-plugin-prettier' => '/Users/zakudriver/Library/Caches/typescript/4.7/node_modules/@types/eslint-plugin-prettier/index.d.ts'
[10:50:01.564] Adding entry into typings cache: 'express' => '/Users/zakudriver/Library/Caches/typescript/4.7/node_modules/@types/express/index.d.ts'
[10:50:01.564] Adding entry into typings cache: 'extend' => '/Users/zakudriver/Library/Caches/typescript/4.7/node_modules/@types/extend/index.d.ts'
[10:50:01.565] Adding entry into typings cache: 'file-loader' => '/Users/zakudriver/Library/Caches/typescript/4.7/node_modules/@types/file-loader/index.d.ts'
[10:50:01.566] Adding entry into typings cache: 'file-saver' => '/Users/zakudriver/Library/Caches/typescript/4.7/node_modules/@types/file-saver/index.d.ts'
[10:50:01.566] Adding entry into typings cache: 'find-root' => '/Users/zakudriver/Library/Caches/typescript/4.7/node_modules/@types/find-root/index.d.ts'
[10:50:01.569] Adding entry into typings cache: 'fs-extra' => '/Users/zakudriver/Library/Caches/typescript/4.7/node_modules/@types/fs-extra/index.d.ts'
[10:50:01.569] Adding entry into typings cache: 'gensync' => '/Users/zakudriver/Library/Caches/typescript/4.7/node_modules/@types/gensync/index.d.ts'
[10:50:01.570] Adding entry into typings cache: 'gh-pages' => '/Users/zakudriver/Library/Caches/typescript/4.7/node_modules/@types/gh-pages/index.d.ts'
[10:50:01.572] Adding entry into typings cache: 'glob' => '/Users/zakudriver/Library/Caches/typescript/4.7/node_modules/@types/glob/index.d.ts'
[10:50:01.573] Adding entry into typings cache: 'happypack' => '/Users/zakudriver/Library/Caches/typescript/4.7/node_modules/@types/happypack/index.d.ts'
[10:50:01.573] Adding entry into typings cache: 'html-minifier-terser' => '/Users/zakudriver/Library/Caches/typescript/4.7/node_modules/@types/html-minifier-terser/index.d.ts'
[10:50:01.574] Adding entry into typings cache: 'html-webpack-plugin' => '/Users/zakudriver/Library/Caches/typescript/4.7/node_modules/@types/html-webpack-plugin/index.d.ts'
[10:50:01.574] Adding entry into typings cache: 'htmlparser2' => '/Users/zakudriver/Library/Caches/typescript/4.7/node_modules/@types/htmlparser2/index.d.ts'
[10:50:01.575] Adding entry into typings cache: 'inquirer' => '/Users/zakudriver/Library/Caches/typescript/4.7/node_modules/@types/inquirer/index.d.ts'
[10:50:01.576] Adding entry into typings cache: 'isexe' => '/Users/zakudriver/Library/Caches/typescript/4.7/node_modules/@types/isexe/index.d.ts'
[10:50:01.578] Adding entry into typings cache: 'jest' => '/Users/zakudriver/Library/Caches/typescript/4.7/node_modules/@types/jest/index.d.ts'
[10:50:01.578] Adding entry into typings cache: 'jmuxer' => '/Users/zakudriver/Library/Caches/typescript/4.7/node_modules/@types/jmuxer/index.d.ts'
[10:50:01.579] Adding entry into typings cache: 'js-cookie' => '/Users/zakudriver/Library/Caches/typescript/4.7/node_modules/@types/js-cookie/index.d.ts'
[10:50:01.580] Adding entry into typings cache: 'js-yaml' => '/Users/zakudriver/Library/Caches/typescript/4.7/node_modules/@types/js-yaml/index.d.ts'
[10:50:01.580] Adding entry into typings cache: 'less' => '/Users/zakudriver/Library/Caches/typescript/4.7/node_modules/@types/less/index.d.ts'
[10:50:01.582] Adding entry into typings cache: 'lodash' => '/Users/zakudriver/Library/Caches/typescript/4.7/node_modules/@types/lodash/index.d.ts'
[10:50:01.583] Adding entry into typings cache: 'lodash-es' => '/Users/zakudriver/Library/Caches/typescript/4.7/node_modules/@types/lodash-es/index.d.ts'
[10:50:01.583] Adding entry into typings cache: 'lodash.debounce' => '/Users/zakudriver/Library/Caches/typescript/4.7/node_modules/@types/lodash.debounce/index.d.ts'
[10:50:01.584] Adding entry into typings cache: 'lodash.throttle' => '/Users/zakudriver/Library/Caches/typescript/4.7/node_modules/@types/lodash.throttle/index.d.ts'
[10:50:01.585] Adding entry into typings cache: 'merge-descriptors' => '/Users/zakudriver/Library/Caches/typescript/4.7/node_modules/@types/merge-descriptors/index.d.ts'
[10:50:01.586] Adding entry into typings cache: 'mocha' => '/Users/zakudriver/Library/Caches/typescript/4.7/node_modules/@types/mocha/index.d.ts'
[10:50:01.586] Adding entry into typings cache: 'mockjs' => '/Users/zakudriver/Library/Caches/typescript/4.7/node_modules/@types/mockjs/index.d.ts'
[10:50:01.588] Adding entry into typings cache: 'node' => '/Users/zakudriver/Library/Caches/typescript/4.7/node_modules/@types/node/index.d.ts'
[10:50:01.588] Adding entry into typings cache: 'npm' => '/Users/zakudriver/Library/Caches/typescript/4.7/node_modules/@types/npm/index.d.ts'
[10:50:01.589] Adding entry into typings cache: 'optimize-css-assets-webpack-plugin' => '/Users/zakudriver/Library/Caches/typescript/4.7/node_modules/@types/optimize-css-assets-webpack-plugin/index.d.ts'
[10:50:01.589] Adding entry into typings cache: 'path-browserify' => '/Users/zakudriver/Library/Caches/typescript/4.7/node_modules/@types/path-browserify/index.d.ts'
[10:50:01.590] Adding entry into typings cache: 'pathjs' => '/Users/zakudriver/Library/Caches/typescript/4.7/node_modules/@types/pathjs/index.d.ts'
[10:50:01.591] Adding entry into typings cache: 'platform' => '/Users/zakudriver/Library/Caches/typescript/4.7/node_modules/@types/platform/index.d.ts'
[10:50:01.591] Adding entry into typings cache: 'prettier' => '/Users/zakudriver/Library/Caches/typescript/4.7/node_modules/@types/prettier/index.d.ts'
[10:50:01.592] Adding entry into typings cache: 'pretty-quick' => '/Users/zakudriver/Library/Caches/typescript/4.7/node_modules/@types/pretty-quick/index.d.ts'
[10:50:01.592] Adding entry into typings cache: 'prismjs' => '/Users/zakudriver/Library/Caches/typescript/4.7/node_modules/@types/prismjs/index.d.ts'
[10:50:01.592] Adding entry into typings cache: 'progress-bar-webpack-plugin' => '/Users/zakudriver/Library/Caches/typescript/4.7/node_modules/@types/progress-bar-webpack-plugin/index.d.ts'
[10:50:01.593] Adding entry into typings cache: 'prompts' => '/Users/zakudriver/Library/Caches/typescript/4.7/node_modules/@types/prompts/index.d.ts'
[10:50:01.594] Adding entry into typings cache: 'prop-types' => '/Users/zakudriver/Library/Caches/typescript/4.7/node_modules/@types/prop-types/index.d.ts'
[10:50:01.594] Adding entry into typings cache: 'qrcode.react' => '/Users/zakudriver/Library/Caches/typescript/4.7/node_modules/@types/qrcode.react/index.d.ts'
[10:50:01.595] Adding entry into typings cache: 'qs' => '/Users/zakudriver/Library/Caches/typescript/4.7/node_modules/@types/qs/index.d.ts'
[10:50:01.596] Adding entry into typings cache: 'quill' => '/Users/zakudriver/Library/Caches/typescript/4.7/node_modules/@types/quill/index.d.ts'
[10:50:01.597] Adding entry into typings cache: 'react' => '/Users/zakudriver/Library/Caches/typescript/4.7/node_modules/@types/react/index.d.ts'
[10:50:01.598] Adding entry into typings cache: 'react-color' => '/Users/zakudriver/Library/Caches/typescript/4.7/node_modules/@types/react-color/index.d.ts'
[10:50:01.599] Adding entry into typings cache: 'react-dom' => '/Users/zakudriver/Library/Caches/typescript/4.7/node_modules/@types/react-dom/index.d.ts'
[10:50:01.599] Adding entry into typings cache: 'react-router' => '/Users/zakudriver/Library/Caches/typescript/4.7/node_modules/@types/react-router/index.d.ts'
[10:50:01.600] Adding entry into typings cache: 'react-router-dom' => '/Users/zakudriver/Library/Caches/typescript/4.7/node_modules/@types/react-router-dom/index.d.ts'
[10:50:01.600] Adding entry into typings cache: 'redux-logger' => '/Users/zakudriver/Library/Caches/typescript/4.7/node_modules/@types/redux-logger/index.d.ts'
[10:50:01.601] Adding entry into typings cache: 'request' => '/Users/zakudriver/Library/Caches/typescript/4.7/node_modules/@types/request/index.d.ts'
[10:50:01.601] Adding entry into typings cache: 'require-directory' => '/Users/zakudriver/Library/Caches/typescript/4.7/node_modules/@types/require-directory/index.d.ts'
[10:50:01.601] Adding entry into typings cache: 'requirejs' => '/Users/zakudriver/Library/Caches/typescript/4.7/node_modules/@types/requirejs/index.d.ts'
[10:50:01.602] Adding entry into typings cache: 'rimraf' => '/Users/zakudriver/Library/Caches/typescript/4.7/node_modules/@types/rimraf/index.d.ts'
[10:50:01.602] Adding entry into typings cache: 'sass-loader' => '/Users/zakudriver/Library/Caches/typescript/4.7/node_modules/@types/sass-loader/index.d.ts'
[10:50:01.603] Adding entry into typings cache: 'semver' => '/Users/zakudriver/Library/Caches/typescript/4.7/node_modules/@types/semver/index.d.ts'
[10:50:01.603] Adding entry into typings cache: 'serve-static' => '/Users/zakudriver/Library/Caches/typescript/4.7/node_modules/@types/serve-static/index.d.ts'
[10:50:01.604] Adding entry into typings cache: 'shapefile' => '/Users/zakudriver/Library/Caches/typescript/4.7/node_modules/@types/shapefile/index.d.ts'
[10:50:01.604] Adding entry into typings cache: 'stylis' => '/Users/zakudriver/Library/Caches/typescript/4.7/node_modules/@types/stylis/index.d.ts'
[10:50:01.605] Adding entry into typings cache: 'tapable' => '/Users/zakudriver/Library/Caches/typescript/4.7/node_modules/tapable/tapable.d.ts'
[10:50:01.606] Adding entry into typings cache: 'tmp' => '/Users/zakudriver/Library/Caches/typescript/4.7/node_modules/@types/tmp/index.d.ts'
[10:50:01.607] Adding entry into typings cache: 'trusted-types' => '/Users/zakudriver/Library/Caches/typescript/4.7/node_modules/@types/trusted-types/index.d.ts'
[10:50:01.607] Adding entry into typings cache: 'uuid' => '/Users/zakudriver/Library/Caches/typescript/4.7/node_modules/@types/uuid/index.d.ts'
[10:50:01.607] Adding entry into typings cache: 'validate-npm-package-name' => '/Users/zakudriver/Library/Caches/typescript/4.7/node_modules/@types/validate-npm-package-name/index.d.ts'
[10:50:01.608] Adding entry into typings cache: 'validator' => '/Users/zakudriver/Library/Caches/typescript/4.7/node_modules/@types/validator/index.d.ts'
[10:50:01.609] Adding entry into typings cache: 'video.js' => '/Users/zakudriver/Library/Caches/typescript/4.7/node_modules/@types/video.js/index.d.ts'
[10:50:01.611] Adding entry into typings cache: 'webpack' => '/Users/zakudriver/Library/Caches/typescript/4.7/node_modules/webpack/types.d.ts'
[10:50:01.611] Adding entry into typings cache: 'websocket' => '/Users/zakudriver/Library/Caches/typescript/4.7/node_modules/@types/websocket/index.d.ts'
[10:50:01.612] Adding entry into typings cache: 'which' => '/Users/zakudriver/Library/Caches/typescript/4.7/node_modules/@types/which/index.d.ts'
[10:50:01.612] Adding entry into typings cache: 'workbox-build' => '/Users/zakudriver/Library/Caches/typescript/4.7/node_modules/@types/workbox-build/index.d.ts'
[10:50:01.613] Adding entry into typings cache: 'yargs' => '/Users/zakudriver/Library/Caches/typescript/4.7/node_modules/@types/yargs/index.d.ts'
[10:50:01.613] Finished processing cache location '/Users/zakudriver/Library/Caches/typescript/4.7'
[10:50:01.613] Process id: 8257
[10:50:01.613] NPM location: /usr/local/bin/npm (explicit '--npmLocation' not  provided)
[10:50:01.613] validateDefaultNpmLocation: false
[10:50:01.613] Npm config file: /Users/zakudriver/Library/Caches/typescript/4.7/package.json
[10:50:01.613] Updating types-registry npm package...
[10:50:01.613] Exec: /usr/local/bin/npm install --ignore-scripts types-registry@latest
[10:50:05.185]     Succeeded. stdout:
    
    up to date, audited 275 packages in 3s

1 high severity vulnerability

To address all issues, run:
  npm audit fix

Run `npm audit` for details.

[10:50:05.185] Updated types-registry npm package
